DEBUG     Checking PHPLS_ALLOW_XDEBUG
DEBUG     The xdebug extension is not loaded

[Info  - 21:09:03] 25 files total
[Info  - 21:09:03] Indexing project for definitions and static references
Parsing file:///var/www/html/ceu/gerenciamento_user_evento.php
Parsing file:///var/www/html/ceu/cadastro_usuario.php
Parsing file:///var/www/html/ceu/gerenciamento_user_evento_inscrito.php
Parsing file:///var/www/html/ceu/index.php
Parsing file:///var/www/html/ceu/busca_cep.php
Parsing file:///var/www/html/ceu/Pagina%202/cupom.php
Parsing file:///var/www/html/ceu/Pagina%202/modal_cupom.php
Parsing file:///var/www/html/ceu/valida_login.php
Parsing file:///var/www/html/ceu/metodo_pagamento.php
Parsing file:///var/www/html/ceu/evento_atividade_cadastradas.php
Parsing file:///var/www/html/ceu/cadastro_evento_processamento.php
Parsing file:///var/www/html/ceu/inscricao_usuario.php
Parsing file:///var/www/html/ceu/evento_gerenciamento.php
Parsing file:///var/www/html/ceu/login.php
Parsing file:///var/www/html/ceu/1cadastro_eventos.php
Parsing file:///var/www/html/ceu/evento_cadastro_atividade.php
Parsing file:///var/www/html/ceu/logoff.php
Parsing file:///var/www/html/ceu/busca_evento.php
Parsing file:///var/www/html/ceu/gerenciamento_user_inicio.php
Parsing file:///var/www/html/ceu/cadastro_usuario_processamento.php
Parsing file:///var/www/html/ceu/evento.php
Parsing file:///var/www/html/ceu/validador_acesso.php
Parsing file:///var/www/html/ceu/cadastro_eventos.php
Parsing file:///var/www/html/ceu/adiciona_atividade.php
Parsing file:///var/www/html/ceu/gerenciamento_user_info.php
[Info  - 21:09:03] Indexing project for dynamic references
Parsing file:///var/www/html/ceu/gerenciamento_user_evento.php
Parsing file:///var/www/html/ceu/cadastro_usuario.php
Parsing file:///var/www/html/ceu/gerenciamento_user_evento_inscrito.php
Parsing file:///var/www/html/ceu/index.php
Parsing file:///var/www/html/ceu/busca_cep.php
Parsing file:///var/www/html/ceu/Pagina%202/cupom.php
Parsing file:///var/www/html/ceu/Pagina%202/modal_cupom.php
Parsing file:///var/www/html/ceu/valida_login.php
Parsing file:///var/www/html/ceu/metodo_pagamento.php
Parsing file:///var/www/html/ceu/evento_atividade_cadastradas.php
Parsing file:///var/www/html/ceu/cadastro_evento_processamento.php
Parsing file:///var/www/html/ceu/inscricao_usuario.php
Parsing file:///var/www/html/ceu/evento_gerenciamento.php
Parsing file:///var/www/html/ceu/login.php
Parsing file:///var/www/html/ceu/1cadastro_eventos.php
Parsing file:///var/www/html/ceu/evento_cadastro_atividade.php
Parsing file:///var/www/html/ceu/logoff.php
Parsing file:///var/www/html/ceu/busca_evento.php
Parsing file:///var/www/html/ceu/gerenciamento_user_inicio.php
Parsing file:///var/www/html/ceu/cadastro_usuario_processamento.php
Parsing file:///var/www/html/ceu/evento.php
Parsing file:///var/www/html/ceu/validador_acesso.php
Parsing file:///var/www/html/ceu/cadastro_eventos.php
Parsing file:///var/www/html/ceu/adiciona_atividade.php
Parsing file:///var/www/html/ceu/gerenciamento_user_info.php
[Info  - 21:09:03] 0 Packages
[Info  - 21:09:03] All 25 PHP files parsed in 0 seconds. 170 MiB allocated.
